Importer Log Report
Project : UBW32_MX460_v262.PrjPcb

Section : Analyze Document - A:\Documents\Arcade Mod\UBW32-master\Hardware\UBW32_MX460_v262.brd
    Analyzing data of A:\Documents\Arcade Mod\UBW32-master\Hardware\UBW32_MX460_v262.brd
    Load settings
    Load layers 87
    Load board
    Load Library "SparkFun02-20-08"
    Load Packages 8
    Load Library "UBW32"
    Load Packages 2
    Load Library "SparkFun"
    Load Packages 5
    Load Library "resistor"
    Load Packages 1
    Load Library "SparkFun11_03_09"
    Load Packages 1
    Load Library "SchmalzHaus"
    Load Packages 4
    Load Library "SparkFun-12-01-09"
    Load Packages 4
EndSection

Section : Analyze Document - A:\Documents\Arcade Mod\UBW32-master\Hardware\UBW32_MX460_v262.sch
    Analyzing data of A:\Documents\Arcade Mod\UBW32-master\Hardware\UBW32_MX460_v262.sch
    Load settings
    Load layers 87
    Load schematic
    Load Libraries 6
    Load Library "SparkFun02-20-08"
    Load Packages 32
    Load Symbols 12
    Load DeviceSets 12
    Load Library "SparkFun"
    Load Packages 38
    Load Symbols 5
    Load DeviceSets 5
    Load Library "resistor"
    Load Packages 68
    Load Symbols 1
    Load DeviceSets 1
    Load Library "SparkFun11_03_09"
    Load Packages 9
    Load Symbols 1
    Load DeviceSets 1
    Load Library "SchmalzHaus"
    Load Packages 16
    Load Symbols 4
    Load DeviceSets 4
    Load Library "SparkFun-12-01-09"
    Load Packages 36
    Load Symbols 4
    Load DeviceSets 4
    Load Attributes 0
    Load Classes 1
    Load Parts 106
    Load Sheets 1
EndSection
